<?xml version="1.0" encoding="UTF-8"?>
<testsuite xmlns:xsi="http://www.w3.org/2001/XMLSchema-instance" xsi:noNamespaceSchemaLocation="https://maven.apache.org/surefire/maven-failsafe-plugin/xsd/failsafe-test-report-3.0.xsd" version="3.0" name="ar.com.grupoesfera.pruebas.aceptacion.cucumber.RunTestAceptacionCucumberIT" time="10.104" tests="7" errors="0" skipped="0" failures="0">
  <properties>
[...]
</properties>
  <testcase name="Si me quiero loggear con un nombre de usuario incorrecto, no puedo" classname="Login" time="1.502"/>
  <testcase name="Si me quiero loggear con una pass incorrecta, no puedo" classname="Login" time="1.32"/>
  <testcase name="Si me quiero loggear con un usuario existente puedo" classname="Login" time="1.353"/>
  <testcase name="Si me quiero registrar con un usuario existente, no puedo" classname="Registrarme y darme de alta en el sitio" time="1.381"/>
  <testcase name="Si me quiero registrar con un usuario inexistente puedo" classname="Registrarme y darme de alta en el sitio" time="1.008"/>
  <testcase name="Si me quiero registrar con un usuario invalido, no puedo" classname="Registrarme y darme de alta en el sitio" time="0.93"/>
  <testcase name="Si me quiero registrar con un usuario invalido, no puedo" classname="Registrarme y darme de alta en el sitio" time="0.938"/>
</testsuite>